${log-pattern}${log-pattern}${log-pattern}${log-pattern}2025-01-06 02:27:49 INFO  TC001_AccountRegistrationTest:20 - this test case started
2025-01-06 02:27:51 INFO  TC001_AccountRegistrationTest:27 - Customer deatails being entered
2025-01-06 02:27:53 INFO  TC001_AccountRegistrationTest:41 - Validation expected text
2025-01-06 02:27:53 INFO  TC001_AccountRegistrationTest:54 - Validation expected text
2025-01-06 02:32:06 INFO  TC001_AccountRegistrationTest:20 - this test case started
2025-01-06 02:32:08 INFO  TC001_AccountRegistrationTest:27 - Customer deatails being entered
2025-01-06 02:32:10 INFO  TC001_AccountRegistrationTest:41 - Validation expected text
2025-01-06 02:32:10 INFO  TC001_AccountRegistrationTest:54 - Test Finished
2025-01-06 02:33:03 INFO  TC001_AccountRegistrationTest:20 - this test case started
2025-01-06 02:33:05 INFO  TC001_AccountRegistrationTest:27 - Customer deatails being entered
2025-01-06 02:33:07 INFO  TC001_AccountRegistrationTest:41 - Validation expected text
2025-01-06 02:33:07 INFO  TC001_AccountRegistrationTest:54 - Test Finished
2025-01-06 02:33:51 INFO  TC001_AccountRegistrationTest:20 - this test case started
2025-01-06 02:33:53 INFO  TC001_AccountRegistrationTest:27 - Customer deatails being entered
2025-01-06 02:33:54 INFO  TC001_AccountRegistrationTest:41 - Validation expected text
2025-01-06 02:44:40 INFO  TC001_AccountRegistrationTest:20 - this test case started
2025-01-06 02:44:42 INFO  TC001_AccountRegistrationTest:27 - Customer deatails being entered
2025-01-06 02:44:44 INFO  TC001_AccountRegistrationTest:41 - Validation expected text
2025-01-06 02:44:54 INFO  TC001_AccountRegistrationTest:52 - Test Failed
2025-01-06 02:44:54 DEBUG TC001_AccountRegistrationTest:53 - Debug Logs
2025-01-06 16:46:06 INFO  TC001_AccountRegistrationTest:22 - this test case started
2025-01-06 16:46:08 INFO  TC001_AccountRegistrationTest:29 - Customer deatails being entered
2025-01-06 16:46:10 INFO  TC001_AccountRegistrationTest:43 - Validation expected text
2025-01-06 16:46:20 INFO  TC001_AccountRegistrationTest:54 - Test Failed
2025-01-06 16:46:20 DEBUG TC001_AccountRegistrationTest:55 - Debug Logs
2025-01-06 16:46:53 INFO  TC001_AccountRegistrationTest:22 - this test case started
2025-01-06 16:46:55 INFO  TC001_AccountRegistrationTest:29 - Customer deatails being entered
2025-01-06 16:46:58 INFO  TC001_AccountRegistrationTest:43 - Validation expected text
2025-01-06 16:46:58 INFO  TC001_AccountRegistrationTest:68 - Test Finished
2025-01-06 17:14:16 INFO  TC001_AccountRegistrationTest:22 - this test case started
2025-01-06 17:14:18 INFO  TC001_AccountRegistrationTest:29 - Customer deatails being entered
2025-01-06 17:14:20 INFO  TC001_AccountRegistrationTest:43 - Validation expected text
2025-01-06 17:14:20 INFO  TC001_AccountRegistrationTest:68 - Test Finished
