2025-01-18 00:33:02 DEBUG TestNG:82 - suiteXmlPath: "/Users/krishnaloka/eclipse-workspace/NewFrameWork1/master.xml"
2025-01-18 00:33:41 INFO  TC001_AccountRegistrationTest:23 - this test case started
2025-01-18 00:33:42 INFO  TC001_AccountRegistrationTest:30 - Customer deatails being entered
2025-01-18 00:33:44 INFO  TC001_AccountRegistrationTest:44 - Validation expected text
2025-01-18 00:33:44 INFO  TC001_AccountRegistrationTest:69 - Test Finished
2025-01-18 00:33:52 INFO  TC002_LoginTest:20 - Clicked acount Icon
2025-01-18 00:33:53 INFO  TC002_LoginTest:26 - entered emial and Password Icon
2025-01-18 00:33:55 INFO  TC002_LoginTest:41 - Test Passed
2025-01-18 01:30:49 DEBUG TestNG:82 - suiteXmlPath: "/Users/krishnaloka/eclipse-workspace/NewFrameWork1/master.xml"
2025-01-18 01:30:53 INFO  TC001_AccountRegistrationTest:23 - this test case started
2025-01-18 01:30:54 INFO  TC001_AccountRegistrationTest:30 - Customer deatails being entered
2025-01-18 01:30:55 INFO  TC001_AccountRegistrationTest:44 - Validation expected text
2025-01-18 01:30:55 INFO  TC001_AccountRegistrationTest:69 - Test Finished
2025-01-18 01:30:57 INFO  TC002_LoginTest:20 - Clicked acount Icon
2025-01-18 01:30:58 INFO  TC002_LoginTest:26 - entered emial and Password Icon
2025-01-18 01:30:58 INFO  TC002_LoginTest:41 - Test Passed
2025-01-18 01:54:09 DEBUG TestNG:82 - suiteXmlPath: "/Users/krishnaloka/eclipse-workspace/NewFrameWork1/master.xml"
2025-01-18 01:54:12 INFO  TC001_AccountRegistrationTest:23 - this test case started
2025-01-18 01:54:12 INFO  TC001_AccountRegistrationTest:30 - Customer deatails being entered
2025-01-18 01:54:13 INFO  TC001_AccountRegistrationTest:44 - Validation expected text
2025-01-18 01:54:13 INFO  TC001_AccountRegistrationTest:69 - Test Finished
2025-01-18 01:54:15 INFO  TC002_LoginTest:20 - Clicked acount Icon
2025-01-18 01:54:15 INFO  TC002_LoginTest:26 - entered emial and Password Icon
2025-01-18 01:54:16 INFO  TC002_LoginTest:41 - Test Passed
